<?xml version="1.0" encoding="UTF-8"?>
<testsuite name="DoctorTest" tests="2" skipped="0" failures="0" errors="0" timestamp="2016-05-03T23:33:06" hostname="epicodus-93.local" time="0.107">
  <properties/>
  <testcase name="all_emptyAtFirst" classname="DoctorTest" time="0.101"/>
  <testcase name="getName_DoctorInstantiatesWithName_String" classname="DoctorTest" time="0.005"/>
  <system-out><![CDATA[]]></system-out>
  <system-err><![CDATA[]]></system-err>
</testsuite>
