<?xml version="1.0" encoding="UTF-8"?>
<testsuite name="PatientTest" tests="3" skipped="0" failures="0" errors="0" timestamp="2016-05-03T23:33:06" hostname="epicodus-93.local" time="0.021">
  <properties/>
  <testcase name="getNameandGetBirthday_patientInstantiatesWithNameandBirthday_String" classname="PatientTest" time="0.005"/>
  <testcase name="all_emptyAtFirst" classname="PatientTest" time="0.01"/>
  <testcase name="Task_instantiatesCorrectly_true" classname="PatientTest" time="0.005"/>
  <system-out><![CDATA[]]></system-out>
  <system-err><![CDATA[]]></system-err>
</testsuite>
